<?xml version="1.0" encoding="UTF-8"?>
<testng-results ignored="0" total="1" passed="1" failed="0" skipped="0">
  <reporter-output>
  </reporter-output>
  <suite started-at="2024-03-22T13:52:19Z" name="Surefire suite" finished-at="2024-03-22T13:56:21Z" duration-ms="242791">
    <groups>
      <group name="cucumber">
        <method signature="AbstractTestNGCucumberTests.runScenario(io.cucumber.testng.PickleEventWrapper, io.cucumber.testng.CucumberFeatureWrapper)[pri:0, instance:runner.HomePageRunner@313ac989]" name="runScenario" class="io.cucumber.testng.AbstractTestNGCucumberTests"/>
      </group> <!-- cucumber -->
    </groups>
    <test started-at="2024-03-22T13:52:19Z" name="Surefire test" finished-at="2024-03-22T13:56:21Z" duration-ms="242791">
      <class name="runner.HomePageRunner">
        <test-method is-config="true" signature="setUpClass()[pri:0, instance:runner.HomePageRunner@313ac989]" started-at="2024-03-22T13:52:19Z" name="setUpClass" finished-at="2024-03-22T13:52:19Z" duration-ms="191" status="PASS">
          <reporter-output>
          </reporter-output>
        </test-method> <!-- setUpClass -->
        <test-method is-config="true" signature="before()[pri:0, instance:runner.HomePageRunner@313ac989]" started-at="2024-03-22T13:52:19Z" name="before" finished-at="2024-03-22T13:52:19Z" duration-ms="13" status="PASS">
          <reporter-output>
          </reporter-output>
        </test-method> <!-- before -->
        <test-method signature="runScenario(io.cucumber.testng.PickleEventWrapper, io.cucumber.testng.CucumberFeatureWrapper)[pri:0, instance:runner.HomePageRunner@313ac989]" started-at="2024-03-22T13:52:19Z" name="runScenario" description="Runs Cucumber Scenarios" data-provider="scenarios" finished-at="2024-03-22T13:56:21Z" duration-ms="241841" status="PASS">
          <params>
            <param index="0">
              <value>
                <![CDATA["Register the patient in oasis application"]]>
              </value>
            </param>
            <param index="1">
              <value>
                <![CDATA["Patient Registration"]]>
              </value>
            </param>
          </params>
          <reporter-output>
          </reporter-output>
        </test-method> <!-- runScenario -->
        <test-method is-config="true" signature="tearDownClass()[pri:0, instance:runner.HomePageRunner@313ac989]" started-at="2024-03-22T13:56:21Z" name="tearDownClass" finished-at="2024-03-22T13:56:21Z" duration-ms="690" status="PASS">
          <reporter-output>
          </reporter-output>
        </test-method> <!-- tearDownClass -->
        <test-method is-config="true" signature="after()[pri:0, instance:runner.HomePageRunner@313ac989]" started-at="2024-03-22T13:56:21Z" name="after" finished-at="2024-03-22T13:56:21Z" duration-ms="0" status="PASS">
          <reporter-output>
          </reporter-output>
        </test-method> <!-- after -->
      </class> <!-- runner.HomePageRunner -->
    </test> <!-- Surefire test -->
  </suite> <!-- Surefire suite -->
</testng-results>
